<?xml version="1.0" encoding="UTF-8"?>
<!-- Generated by org.testng.reporters.JUnitReportReporter -->
<testsuite hostname="DESKTOP-S5NKFPB" failures="0" tests="1" name="FogzeeTest.MyFirstTest" time="29.990" errors="0" timestamp="2022-10-14T20:50:03 BDT" skipped="0">
  <testcase classname="FogzeeTest.MyFirstTest" name="myFirstTest" time="29.990"/>
  <system-out/>
</testsuite> <!-- FogzeeTest.MyFirstTest -->
