<?xml version="1.0" encoding="UTF-8"?>
<!-- Generated by org.testng.reporters.JUnitReportReporter -->
<testsuite hostname="DESKTOP-S5NKFPB" failures="0" tests="2" name="webtest.Get_Navigation_TC001" time="96.279" errors="0" timestamp="2022-10-22T18:44:19 BDT" skipped="0">
  <testcase classname="webtest.Get_Navigation_TC001" name="getUrl" time="91.843"/>
  <system-out/>
  <testcase classname="webtest.Get_Navigation_TC001" name="getDriver" time="4.436"/>
  <system-out/>
</testsuite> <!-- webtest.Get_Navigation_TC001 -->
