<?xml version="1.0" encoding="UTF-8"?>
<!-- Generated by org.testng.reporters.JUnitReportReporter -->
<testsuite hostname="DESKTOP-S5NKFPB" failures="0" tests="2" name="webtest.TC_002_verify_page_title" time="41.203" errors="0" timestamp="2022-10-22T20:53:25 BDT" skipped="0">
  <testcase classname="webtest.TC_002_verify_page_title" name="getTitle" time="34.293"/>
  <system-out/>
  <testcase classname="webtest.TC_002_verify_page_title" name="getDriver" time="6.910"/>
  <system-out/>
</testsuite> <!-- webtest.TC_002_verify_page_title -->
