<?xml version="1.0" encoding="UTF-8"?>
<!-- Generated by org.testng.reporters.JUnitReportReporter -->
<testsuite hostname="DESKTOP-S5NKFPB" failures="0" tests="2" name="webtest.Daraz_MoveTo_Test" time="33.151" errors="0" timestamp="2022-10-26T21:23:15 BDT" skipped="0">
  <testcase classname="webtest.Daraz_MoveTo_Test" name="getDriver" time="4.363"/>
  <system-out/>
  <testcase classname="webtest.Daraz_MoveTo_Test" name="moveTo" time="28.788"/>
  <system-out/>
</testsuite> <!-- webtest.Daraz_MoveTo_Test -->
