<?xml version="1.0" encoding="UTF-8"?>
<!-- Generated by org.testng.reporters.JUnitReportReporter -->
<testsuite hostname="DESKTOP-S5NKFPB" failures="0" tests="2" name="webtest.TC006_Alert_Window_Scroll_Wait" time="14.487" errors="0" timestamp="2022-10-28T22:30:17 BDT" skipped="0">
  <testcase classname="webtest.TC006_Alert_Window_Scroll_Wait" name="UseCommonMethod" time="9.532"/>
  <system-out/>
  <testcase classname="webtest.TC006_Alert_Window_Scroll_Wait" name="getDriver" time="4.955"/>
  <system-out/>
</testsuite> <!-- webtest.TC006_Alert_Window_Scroll_Wait -->
