<?xml version="1.0" encoding="UTF-8"?>
<!-- Generated by org.testng.reporters.JUnitReportReporter -->
<testsuite hostname="DESKTOP-S5NKFPB" failures="0" tests="1" name="bd.com.maven_project.MyFirstTest" time="16.575" errors="0" timestamp="2022-09-28T15:38:15 BDT" skipped="0">
  <testcase classname="bd.com.maven_project.MyFirstTest" name="myFirstTest" time="16.575"/>
  <system-out/>
</testsuite> <!-- bd.com.maven_project.MyFirstTest -->
