<?xml version="1.0" encoding="UTF-8"?>
<!-- Generated by org.testng.reporters.JUnitReportReporter -->
<testsuite hostname="DESKTOP-S5NKFPB" failures="0" tests="2" name="webtest.TC003_iframre_radio_button" time="30.976" errors="0" timestamp="2022-10-26T15:19:27 BDT" skipped="0">
  <testcase classname="webtest.TC003_iframre_radio_button" name="getDriver" time="4.803"/>
  <system-out/>
  <testcase classname="webtest.TC003_iframre_radio_button" name="getIFrame" time="26.173"/>
  <system-out/>
</testsuite> <!-- webtest.TC003_iframre_radio_button -->
