<?xml version="1.0" encoding="UTF-8"?>
<!-- Generated by org.testng.reporters.JUnitReportReporter -->
<testsuite hostname="DESKTOP-S5NKFPB" failures="0" tests="1" name="LocatorLearning.MyFirstTest" time="23.440" errors="0" timestamp="2022-10-07T12:59:42 BDT" skipped="0">
  <testcase classname="LocatorLearning.MyFirstTest" name="myFirstTest" time="23.440"/>
  <system-out/>
</testsuite> <!-- LocatorLearning.MyFirstTest -->
