<?xml version="1.0" encoding="UTF-8"?>
<!-- Generated by org.testng.reporters.JUnitReportReporter -->
<testsuite hostname="DESKTOP-S5NKFPB" failures="0" tests="2" name="webtest.TC004_dropdown_test" time="22.579" errors="0" timestamp="2022-10-26T16:18:48 BDT" skipped="0">
  <testcase classname="webtest.TC004_dropdown_test" name="getDriver" time="3.561"/>
  <system-out/>
  <testcase classname="webtest.TC004_dropdown_test" name="selectMultiSelect" time="19.018"/>
  <system-out/>
</testsuite> <!-- webtest.TC004_dropdown_test -->
