<?xml version="1.0" encoding="UTF-8"?>
<!-- Generated by org.testng.reporters.JUnitReportReporter -->
<testsuite hostname="DESKTOP-S5NKFPB" failures="0" tests="2" name="webtest.TC05_Action_hover_moveToElement_doubleClick_RightClick" time="40.758" errors="0" timestamp="2022-10-26T20:13:56 BDT" skipped="0">
  <testcase classname="webtest.TC05_Action_hover_moveToElement_doubleClick_RightClick" name="getDriver" time="4.721"/>
  <system-out/>
  <testcase classname="webtest.TC05_Action_hover_moveToElement_doubleClick_RightClick" name="checkAction" time="36.037"/>
  <system-out/>
</testsuite> <!-- webtest.TC05_Action_hover_moveToElement_doubleClick_RightClick -->
